d:\repository\git\visualstudio\calcaulator&hill\release\calculatorhill.ipdb
d:\repository\git\visualstudio\calcaulator&hill\release\calculatorhill.iobj
d:\repository\git\visualstudio\calcaulator&hill\calculatorhill\release\vc142.pdb
d:\repository\git\visualstudio\calcaulator&hill\calculatorhill\release\window.obj
d:\repository\git\visualstudio\calcaulator&hill\calculatorhill\release\string.obj
d:\repository\git\visualstudio\calcaulator&hill\calculatorhill\release\source.obj
d:\repository\git\visualstudio\calcaulator&hill\calculatorhill\release\numerics.obj
d:\repository\git\visualstudio\calcaulator&hill\calculatorhill\release\menu.obj
d:\repository\git\visualstudio\calcaulator&hill\calculatorhill\release\hillinription.obj
d:\repository\git\visualstudio\calcaulator&hill\calculatorhill\release\files.obj
d:\repository\git\visualstudio\calcaulator&hill\calculatorhill\release\checkup.obj
d:\repository\git\visualstudio\calcaulator&hill\release\calculatorhill.exe
d:\repository\git\visualstudio\calcaulator&hill\release\calculatorhill.pdb
d:\repository\git\visualstudio\calcaulator&hill\calculatorhill\release\calculatorhill.tlog\calculatorhill.write.1u.tlog
d:\repository\git\visualstudio\calcaulator&hill\calculatorhill\release\calculatorhill.tlog\cl.command.1.tlog
d:\repository\git\visualstudio\calcaulator&hill\calculatorhill\release\calculatorhill.tlog\cl.read.1.tlog
d:\repository\git\visualstudio\calcaulator&hill\calculatorhill\release\calculatorhill.tlog\cl.write.1.tlog
d:\repository\git\visualstudio\calcaulator&hill\calculatorhill\release\calculatorhill.tlog\link.command.1.tlog
d:\repository\git\visualstudio\calcaulator&hill\calculatorhill\release\calculatorhill.tlog\link.read.1.tlog
d:\repository\git\visualstudio\calcaulator&hill\calculatorhill\release\calculatorhill.tlog\link.write.1.tlog
